[debug] [2025-10-03T10:06:20.377Z] ----------------------------------------------------------------------
[debug] [2025-10-03T10:06:20.378Z] Command:       /usr/local/share/nvm/versions/node/v22.17.0/bin/node /home/codespace/nvm/current/bin/firebase login --no-localhost
[debug] [2025-10-03T10:06:20.379Z] CLI Version:   14.18.0
[debug] [2025-10-03T10:06:20.379Z] Platform:      linux
[debug] [2025-10-03T10:06:20.379Z] Node Version:  v22.17.0
[debug] [2025-10-03T10:06:20.379Z] Time:          Fri Oct 03 2025 10:06:20 GMT+0000 (Coordinated Universal Time)
[debug] [2025-10-03T10:06:20.379Z] Env Overrides: GITHUB_API_URL, GITHUB_API_URL
[debug] [2025-10-03T10:06:20.379Z] ----------------------------------------------------------------------
[debug] 
[error] 
[error] Error: Cannot run login in non-interactive mode. See login:ci to generate a token for use in non-interactive environments.
[debug] [2025-10-03T10:06:30.289Z] ----------------------------------------------------------------------
[debug] [2025-10-03T10:06:30.291Z] Command:       /usr/local/share/nvm/versions/node/v22.17.0/bin/node /home/codespace/nvm/current/bin/firebase projects:list
[debug] [2025-10-03T10:06:30.291Z] CLI Version:   14.18.0
[debug] [2025-10-03T10:06:30.291Z] Platform:      linux
[debug] [2025-10-03T10:06:30.291Z] Node Version:  v22.17.0
[debug] [2025-10-03T10:06:30.292Z] Time:          Fri Oct 03 2025 10:06:30 GMT+0000 (Coordinated Universal Time)
[debug] [2025-10-03T10:06:30.292Z] Env Overrides: GITHUB_API_URL, GITHUB_API_URL
[debug] [2025-10-03T10:06:30.292Z] ----------------------------------------------------------------------
[debug] 
[debug] [2025-10-03T10:06:30.644Z] > command requires scopes: ["email","openid","https://www.googleapis.com/auth/cloudplatformprojects.readonly","https://www.googleapis.com/auth/firebase","https://www.googleapis.com/auth/cloud-platform"]
[debug] [2025-10-03T10:06:30.645Z] > authorizing via signed-in user (hello@revisionninja.com)
[debug] [2025-10-03T10:06:30.647Z] Checked if tokens are valid: true, expires at: 1759489298171
[debug] [2025-10-03T10:06:30.647Z] Checked if tokens are valid: true, expires at: 1759489298171
[debug] [2025-10-03T10:06:30.649Z] >>> [apiv2][query] GET https://firebase.googleapis.com/v1beta1/projects pageSize=1000
[debug] [2025-10-03T10:06:31.201Z] <<< [apiv2][status] GET https://firebase.googleapis.com/v1beta1/projects 200
[debug] [2025-10-03T10:06:31.201Z] <<< [apiv2][body] GET https://firebase.googleapis.com/v1beta1/projects [omitted]
[info] ┌────────────────────────────┬────────────────────────────┬────────────────┬──────────────────────┐
│ Project Display Name       │ Project ID                 │ Project Number │ Resource Location ID │
├────────────────────────────┼────────────────────────────┼────────────────┼──────────────────────┤
│ Ipswich Football           │ ipswich-football-f45a9     │ 744919924182   │ [Not specified]      │
├────────────────────────────┼────────────────────────────┼────────────────┼──────────────────────┤
│ OSMapEdu                   │ osmapedu                   │ 811740468731   │ [Not specified]      │
├────────────────────────────┼────────────────────────────┼────────────────┼──────────────────────┤
│ Qwiz Rush                  │ qwiz-rush-268a3            │ 1088792488543  │ [Not specified]      │
├────────────────────────────┼────────────────────────────┼────────────────┼──────────────────────┤
│ Revision Ninja             │ revision-ninja             │ 290576753879   │ [Not specified]      │
├────────────────────────────┼────────────────────────────┼────────────────┼──────────────────────┤
│ Revision Ninja Typing Test │ revision-ninja-typing-test │ 157648912363   │ [Not specified]      │
├────────────────────────────┼────────────────────────────┼────────────────┼──────────────────────┤
│ Stock Ninja Main           │ stock-ninja-main           │ 999809996621   │ [Not specified]      │
├────────────────────────────┼────────────────────────────┼────────────────┼──────────────────────┤
│ Firebase app               │ studio-6024700343-a3a43    │ 500664678261   │ [Not specified]      │
├────────────────────────────┼────────────────────────────┼────────────────┼──────────────────────┤
│ Firebase app               │ studio-6818209111-837fd    │ 173603129763   │ [Not specified]      │
├────────────────────────────┼────────────────────────────┼────────────────┼──────────────────────┤
│ Suffolk Leagues            │ suffolk-leagues            │ 488755253068   │ [Not specified]      │
├────────────────────────────┼────────────────────────────┼────────────────┼──────────────────────┤
│ Walk Wise                  │ walk-wise-ca4b2            │ 540578966173   │ [Not specified]      │
└────────────────────────────┴────────────────────────────┴────────────────┴──────────────────────┘
[info] 
[info] 10 project(s) total.
[debug] [2025-10-03T10:08:33.022Z] ----------------------------------------------------------------------
[debug] [2025-10-03T10:08:33.023Z] Command:       /usr/local/share/nvm/versions/node/v22.17.0/bin/node /home/codespace/nvm/current/bin/firebase init
[debug] [2025-10-03T10:08:33.024Z] CLI Version:   14.18.0
[debug] [2025-10-03T10:08:33.024Z] Platform:      linux
[debug] [2025-10-03T10:08:33.024Z] Node Version:  v22.17.0
[debug] [2025-10-03T10:08:33.024Z] Time:          Fri Oct 03 2025 10:08:33 GMT+0000 (Coordinated Universal Time)
[debug] [2025-10-03T10:08:33.024Z] Env Overrides: GITHUB_API_URL, GITHUB_API_URL
[debug] [2025-10-03T10:08:33.024Z] ----------------------------------------------------------------------
[debug] 
[debug] [2025-10-03T10:08:33.256Z] > command requires scopes: ["email","openid","https://www.googleapis.com/auth/cloudplatformprojects.readonly","https://www.googleapis.com/auth/firebase","https://www.googleapis.com/auth/cloud-platform"]
[debug] [2025-10-03T10:08:33.257Z] > authorizing via signed-in user (hello@revisionninja.com)
[info] 
     ######## #### ########  ######## ########     ###     ######  ########
     ##        ##  ##     ## ##       ##     ##  ##   ##  ##       ##
     ######    ##  ########  ######   ########  #########  ######  ######
     ##        ##  ##    ##  ##       ##     ## ##     ##       ## ##
     ##       #### ##     ## ######## ########  ##     ##  ######  ########

You're about to initialize a Firebase project in this directory:

  /workspaces/Climates-New-Oct

Before we get started, keep in mind:

  * You are currently outside your home directory
  * You are initializing within an existing Firebase project directory

